<?xml version="1.0" encoding="UTF-8"?>
<testsuite xmlns:xsi="http://www.w3.org/2001/XMLSchema-instance" xsi:noNamespaceSchemaLocation="https://maven.apache.org/surefire/maven-surefire-plugin/xsd/surefire-test-report-3.0.xsd" version="3.0" name="com.examly.springapp.SpringappApplicationTests" time="3.439" tests="79" errors="0" skipped="0" failures="0">
  <properties>
[...]
</properties>
  <testcase name="Day3_test_Controller_Directory_Exists" classname="com.examly.springapp.SpringappApplicationTests" time="0.323">
    <system-out><![CDATA[04:15:47.308 [main] INFO org.springframework.test.context.support.AnnotationConfigContextLoaderUtils -- Could not detect default configuration classes for test class [com.examly.springapp.SpringappApplicationTests]: SpringappApplicationTests does not declare any static, non-private, non-final, nested classes annotated with @Configuration.
04:15:47.414 [main] INFO org.springframework.boot.test.context.SpringBootTestContextBootstrapper -- Found @SpringBootConfiguration com.examly.springapp.SpringappApplication for test class com.examly.springapp.SpringappApplicationTests
04:15:47.522 [main] INFO org.springframework.boot.devtools.restart.RestartApplicationListener -- Restart disabled due to context in which it is running

  .   ____          _            __ _ _
 /\\ / ___'_ __ _ _(_)_ __  __ _ \ \ \ \
( ( )\___ | '_ | '_| | '_ \/ _` | \ \ \ \
 \\/  ___)| |_)| | | | | || (_| |  ) ) ) )
  '  |____| .__|_| |_|_| |_\__, | / / / /
 =========|_|==============|___/=/_/_/_/

 :: Spring Boot ::               (v3.4.12)

2025-12-27T04:15:47.732Z  INFO 13792 --- [           main] c.e.springapp.SpringappApplicationTests  : Starting SpringappApplicationTests using Java 17.0.17 with PID 13792 (started by coder in /home/coder/project/workspace/springapp)
2025-12-27T04:15:47.733Z  INFO 13792 --- [           main] c.e.springapp.SpringappApplicationTests  : No active profile set, falling back to 1 default profile: "default"
2025-12-27T04:15:48.217Z  INFO 13792 --- [           main] .s.d.r.c.RepositoryConfigurationDelegate : Bootstrapping Spring Data JPA repositories in DEFAULT mode.
2025-12-27T04:15:48.235Z  INFO 13792 --- [           main] .s.d.r.c.RepositoryConfigurationDelegate : Finished Spring Data repository scanning in 10 ms. Found 0 JPA repository interfaces.
2025-12-27T04:15:48.482Z  INFO 13792 --- [           main] o.hibernate.jpa.internal.util.LogHelper  : HHH000204: Processing PersistenceUnitInfo [name: default]
2025-12-27T04:15:48.510Z  INFO 13792 --- [           main] org.hibernate.Version                    : HHH000412: Hibernate ORM core version 6.6.36.Final
2025-12-27T04:15:48.529Z  INFO 13792 --- [           main] o.h.c.internal.RegionFactoryInitiator    : HHH000026: Second-level cache disabled
2025-12-27T04:15:48.699Z  INFO 13792 --- [           main] o.s.o.j.p.SpringPersistenceUnitInfo      : No LoadTimeWeaver setup: ignoring JPA class transformer
2025-12-27T04:15:48.717Z  INFO 13792 --- [           main] com.zaxxer.hikari.HikariDataSource       : HikariPool-1 - Starting...
2025-12-27T04:15:48.839Z  INFO 13792 --- [           main] com.zaxxer.hikari.pool.HikariPool        : HikariPool-1 - Added connection com.mysql.cj.jdbc.ConnectionImpl@cec590c
2025-12-27T04:15:48.840Z  INFO 13792 --- [           main] com.zaxxer.hikari.HikariDataSource       : HikariPool-1 - Start completed.
2025-12-27T04:15:48.860Z  WARN 13792 --- [           main] org.hibernate.orm.deprecation            : HHH90000025: MySQL8Dialect does not need to be specified explicitly using 'hibernate.dialect' (remove the property setting and it will be selected by default)
2025-12-27T04:15:48.861Z  WARN 13792 --- [           main] org.hibernate.orm.deprecation            : HHH90000026: MySQL8Dialect has been deprecated; use org.hibernate.dialect.MySQLDialect instead
2025-12-27T04:15:48.874Z  INFO 13792 --- [           main] org.hibernate.orm.connections.pooling    : HHH10001005: Database info:
	Database JDBC URL [Connecting through datasource 'HikariDataSource (HikariPool-1)']
	Database driver: undefined/unknown
	Database version: 8.0
	Autocommit mode: undefined/unknown
	Isolation level: undefined/unknown
	Minimum pool size: undefined/unknown
	Maximum pool size: undefined/unknown
2025-12-27T04:15:49.355Z  INFO 13792 --- [           main] o.h.e.t.j.p.i.JtaPlatformInitiator       : HHH000489: No JTA platform available (set 'hibernate.transaction.jta.platform' to enable JTA platform integration)
Hibernate: drop table if exists account_status_log
Hibernate: drop table if exists profile
Hibernate: drop table if exists role
Hibernate: drop table if exists user_account
Hibernate: drop table if exists user_role_mapping
Hibernate: create table account_status_log (accid bigint not null, primary key (accid)) engine=InnoDB
Hibernate: create table profile (pid bigint not null, primary key (pid)) engine=InnoDB
Hibernate: create table role (rid bigint not null, primary key (rid)) engine=InnoDB
Hibernate: create table user_account (uid bigint not null, primary key (uid)) engine=InnoDB
Hibernate: create table user_role_mapping (umid bigint not null, primary key (umid)) engine=InnoDB
2025-12-27T04:15:49.466Z  INFO 13792 --- [           main] j.LocalContainerEntityManagerFactoryBean : Initialized JPA EntityManagerFactory for persistence unit 'default'
2025-12-27T04:15:49.645Z  WARN 13792 --- [           main] JpaBaseConfiguration$JpaWebConfiguration : spring.jpa.open-in-view is enabled by default. Therefore, database queries may be performed during view rendering. Explicitly configure spring.jpa.open-in-view to disable this warning
2025-12-27T04:15:49.912Z  INFO 13792 --- [           main] o.s.b.t.m.w.SpringBootMockServletContext : Initializing Spring TestDispatcherServlet ''
2025-12-27T04:15:49.912Z  INFO 13792 --- [           main] o.s.t.web.servlet.TestDispatcherServlet  : Initializing Servlet ''
2025-12-27T04:15:49.914Z  INFO 13792 --- [           main] o.s.t.web.servlet.TestDispatcherServlet  : Completed initialization in 1 ms
2025-12-27T04:15:49.932Z  INFO 13792 --- [           main] c.e.springapp.SpringappApplicationTests  : Started SpringappApplicationTests in 2.418 seconds (process running for 3.164)
]]></system-out>
  </testcase>
  <testcase name="Day3_test_Model_Directory_Exists" classname="com.examly.springapp.SpringappApplicationTests" time="0.003"/>
  <testcase name="Day3_test_Service_Directory_Exists" classname="com.examly.springapp.SpringappApplicationTests" time="0.003"/>
  <testcase name="Day3_test_Repository_Directory_Exists" classname="com.examly.springapp.SpringappApplicationTests" time="0.002"/>
  <testcase name="Day4_test_RoleModel_File_Exists" classname="com.examly.springapp.SpringappApplicationTests" time="0.002"/>
  <testcase name="Day4_test_ProfileModel_File_Exists" classname="com.examly.springapp.SpringappApplicationTests" time="0.002"/>
  <testcase name="Day4_test_UserAccount_File_Exists" classname="com.examly.springapp.SpringappApplicationTests" time="0.003"/>
  <testcase name="Day4_test_AccountStatusLog_File_Exists" classname="com.examly.springapp.SpringappApplicationTests" time="0.003"/>
  <testcase name="Day4_test_UserRoleMapping_File_Exists" classname="com.examly.springapp.SpringappApplicationTests" time="0.002"/>
  <testcase name="Day4_test_Profile_Has_Entity_Annotation" classname="com.examly.springapp.SpringappApplicationTests" time="0.008"/>
  <testcase name="Day4_test_Profile_Has_Id_Annotation_On_Field" classname="com.examly.springapp.SpringappApplicationTests" time="0.002"/>
  <testcase name="Day5_testRoleRepo_File_Exists" classname="com.examly.springapp.SpringappApplicationTests" time="0.002"/>
  <testcase name="Day5_testProfileRepo_File_Exists" classname="com.examly.springapp.SpringappApplicationTests" time="0.002"/>
  <testcase name="Day5_testUserAccountRepo_File_Exists" classname="com.examly.springapp.SpringappApplicationTests" time="0.002"/>
  <testcase name="Day5_testAccountStatusLogRepo_File_Exists" classname="com.examly.springapp.SpringappApplicationTests" time="0.002"/>
  <testcase name="Day5_testUserRoleMappingRepo_File_Exists" classname="com.examly.springapp.SpringappApplicationTests" time="0.002"/>
  <testcase name="Day5_test_ProfileRepo_Has_Repository_Annotation" classname="com.examly.springapp.SpringappApplicationTests" time="0.002"/>
  <testcase name="Day5_test_RoleRepo_Has_Repository_Annotation" classname="com.examly.springapp.SpringappApplicationTests" time="0.003"/>
  <testcase name="Day5_test_UserAccountRepo_Has_Repository_Annotation" classname="com.examly.springapp.SpringappApplicationTests" time="0.002"/>
  <testcase name="Day5_test_AccountStatusLogRepo_Has_Repository_Annotation" classname="com.examly.springapp.SpringappApplicationTests" time="0.002"/>
  <testcase name="Day5_test_UserRoleMappingRepo_Has_Repository_Annotation" classname="com.examly.springapp.SpringappApplicationTests" time="0.002"/>
  <testcase name="Day6_test_RoleController_File_Exists" classname="com.examly.springapp.SpringappApplicationTests" time="0.003"/>
  <testcase name="Day6_test_ProfileController_File_Exists" classname="com.examly.springapp.SpringappApplicationTests" time="0.002"/>
  <testcase name="Day6_test_UserAccountController_File_Exists" classname="com.examly.springapp.SpringappApplicationTests" time="0.002"/>
  <testcase name="Day6_test_AccountStatusLogController_File_Exists" classname="com.examly.springapp.SpringappApplicationTests" time="0.003"/>
  <testcase name="Day6_test_UserRoleMappingController_File_Exists" classname="com.examly.springapp.SpringappApplicationTests" time="0.002"/>
  <testcase name="Day6_test_RoleController_Has_RestController_Annotation" classname="com.examly.springapp.SpringappApplicationTests" time="0.002"/>
  <testcase name="Day6_test_ProfileController_Has_RestController_Annotation" classname="com.examly.springapp.SpringappApplicationTests" time="0.003"/>
  <testcase name="Day6_test_RoleController_Has_PostMapping" classname="com.examly.springapp.SpringappApplicationTests" time="0.002"/>
  <testcase name="Day6_test_RoleController_Has_GetMapping" classname="com.examly.springapp.SpringappApplicationTests" time="0.002"/>
  <testcase name="Day6_test_RoleController_Has_PutMapping" classname="com.examly.springapp.SpringappApplicationTests" time="0.003"/>
  <testcase name="Day6_test_RoleController_Has_DeleteMapping" classname="com.examly.springapp.SpringappApplicationTests" time="0.002"/>
  <testcase name="Day6_testCreateRole_NoBody_StatusBadRequest" classname="com.examly.springapp.SpringappApplicationTests" time="0.081"/>
  <testcase name="Day6_testGetAllRoles_StatusOk" classname="com.examly.springapp.SpringappApplicationTests" time="0.012"/>
  <testcase name="Day7_test_RoleController_Has_RequestMapping" classname="com.examly.springapp.SpringappApplicationTests" time="0.002"/>
  <testcase name="Day7_test_RoleController_Has_PathVariable" classname="com.examly.springapp.SpringappApplicationTests" time="0.003"/>
  <testcase name="Day7_test_ProfileController_Has_RequestMapping" classname="com.examly.springapp.SpringappApplicationTests" time="0.002"/>
  <testcase name="Day7_test_UserRoleMappingController_Has_RequestMapping" classname="com.examly.springapp.SpringappApplicationTests" time="0.002"/>
  <testcase name="Day7_test_ProfileController_Has_PathVariable" classname="com.examly.springapp.SpringappApplicationTests" time="0.002"/>
  <testcase name="Day7_test_UserRoleMappingController_Has_PathVariable" classname="com.examly.springapp.SpringappApplicationTests" time="0.003"/>
  <testcase name="Day7_test_AccountStatusLog_Has_RequestMapping" classname="com.examly.springapp.SpringappApplicationTests" time="0.002"/>
  <testcase name="Day8_test_RoleService_File_Exists" classname="com.examly.springapp.SpringappApplicationTests" time="0.002"/>
  <testcase name="Day8_test_ProfileService_File_Exists" classname="com.examly.springapp.SpringappApplicationTests" time="0.002"/>
  <testcase name="Day8_test_UserAccountService_File_Exists" classname="com.examly.springapp.SpringappApplicationTests" time="0.002"/>
  <testcase name="Day8_test_AccountStatusLogService_File_Exists" classname="com.examly.springapp.SpringappApplicationTests" time="0.003"/>
  <testcase name="Day8_test_UserRoleMappingService_File_Exists" classname="com.examly.springapp.SpringappApplicationTests" time="0.002"/>
  <testcase name="Day8_test_RoleServiceImpl_File_Exists" classname="com.examly.springapp.SpringappApplicationTests" time="0.002"/>
  <testcase name="Day8_test_ProfileServiceImpl_File_Exists" classname="com.examly.springapp.SpringappApplicationTests" time="0.002"/>
  <testcase name="Day8_test_UserAccountServiceImpl_File_Exists" classname="com.examly.springapp.SpringappApplicationTests" time="0.002"/>
  <testcase name="Day8_test_AccountStatusLogServiceImpl_File_Exists" classname="com.examly.springapp.SpringappApplicationTests" time="0.002"/>
  <testcase name="Day8_test_UserRoleMappingServiceImpl_File_Exists" classname="com.examly.springapp.SpringappApplicationTests" time="0.002"/>
  <testcase name="Day8_testAddRole" classname="com.examly.springapp.SpringappApplicationTests" time="0.033"/>
  <testcase name="Day8_testGetAllRoles" classname="com.examly.springapp.SpringappApplicationTests" time="0.004"/>
  <testcase name="Day8_testGetRoleById" classname="com.examly.springapp.SpringappApplicationTests" time="0.005"/>
  <testcase name="Day8_testUpdateRole" classname="com.examly.springapp.SpringappApplicationTests" time="0.004"/>
  <testcase name="Day9_testPagination_PageNumberApplied" classname="com.examly.springapp.SpringappApplicationTests" time="0.005"/>
  <testcase name="Day9_testPagination_PageSizeApplied" classname="com.examly.springapp.SpringappApplicationTests" time="0.003"/>
  <testcase name="Day9_testPagination_SortingPresent" classname="com.examly.springapp.SpringappApplicationTests" time="0.005"/>
  <testcase name="Day9_testPagination_ContentArrayExists" classname="com.examly.springapp.SpringappApplicationTests" time="0.004"/>
  <testcase name="Day9_testPagination_TotalElementsExists" classname="com.examly.springapp.SpringappApplicationTests" time="0.004"/>
  <testcase name="Day9_testPagination_TotalPagesExists" classname="com.examly.springapp.SpringappApplicationTests" time="0.003"/>
  <testcase name="Day10_testCreateUser" classname="com.examly.springapp.SpringappApplicationTests" time="0.004"/>
  <testcase name="Day10_testAddProfile" classname="com.examly.springapp.SpringappApplicationTests" time="0.005"/>
  <testcase name="Day10_testGetAllProfiles" classname="com.examly.springapp.SpringappApplicationTests" time="0.003"/>
  <testcase name="Day10_testGetProfileById" classname="com.examly.springapp.SpringappApplicationTests" time="0.003"/>
  <testcase name="Day10_testUpdateProfile" classname="com.examly.springapp.SpringappApplicationTests" time="0.003"/>
  <testcase name="Day10_testAddUserRoleMapping" classname="com.examly.springapp.SpringappApplicationTests" time="0.003"/>
  <testcase name="Day10_testGetAllUserRoleMappings" classname="com.examly.springapp.SpringappApplicationTests" time="0.002"/>
  <testcase name="Day10_testGetUserRoleMappingById" classname="com.examly.springapp.SpringappApplicationTests" time="0.003"/>
  <testcase name="Day10_testUpdateUserRoleMapping" classname="com.examly.springapp.SpringappApplicationTests" time="0.003"/>
  <testcase name="Day11_testGetUserRoleMappingsByUserId" classname="com.examly.springapp.SpringappApplicationTests" time="0.003"/>
  <testcase name="Day12_testGetUserRoleMappingByUserIdAndRoleId" classname="com.examly.springapp.SpringappApplicationTests" time="0.003"/>
  <testcase name="Day12_testGetUserRoleMappingByUserId_NotFound" classname="com.examly.springapp.SpringappApplicationTests" time="0.002"/>
  <testcase name="Day12_testGetProfileByName" classname="com.examly.springapp.SpringappApplicationTests" time="0.006"/>
  <testcase name="Day12_testGetProfilesByNameAndAddress" classname="com.examly.springapp.SpringappApplicationTests" time="0.003"/>
  <testcase name="Day13_test_exception_Directory_Exists" classname="com.examly.springapp.SpringappApplicationTests" time="0.002"/>
  <testcase name="Day13_test_GlobalExceptionHandler_File_Exists" classname="com.examly.springapp.SpringappApplicationTests" time="0.002"/>
  <testcase name="Day14_test_configuration_Directory_Exists" classname="com.examly.springapp.SpringappApplicationTests" time="0.002"/>
  <testcase name="Day15_testAOPLogFileExists" classname="com.examly.springapp.SpringappApplicationTests" time="0.002"/>
</testsuite>